c:\users\taehoo\source\repos\notepad_project\notepad\notepad_20190521\notepad_20190521\x64\debug\vc141.pdb
c:\users\taehoo\source\repos\notepad_project\notepad\notepad_20190521\notepad_20190521\x64\debug\vc141.idb
c:\users\taehoo\source\repos\notepad_project\notepad\notepad_20190521\notepad_20190521\x64\debug\newcommand.obj
c:\users\taehoo\source\repos\notepad_project\notepad\notepad_20190521\notepad_20190521\x64\debug\completedwork.obj
c:\users\taehoo\source\repos\notepad_project\notepad\notepad_20190521\notepad_20190521\x64\debug\line.obj
c:\users\taehoo\source\repos\notepad_project\notepad\notepad_20190521\notepad_20190521\x64\debug\keyactions.obj
c:\users\taehoo\source\repos\notepad_project\notepad\notepad_20190521\notepad_20190521\x64\debug\keyactionfactory.obj
c:\users\taehoo\source\repos\notepad_project\notepad\notepad_20190521\notepad_20190521\x64\debug\glyphfactory.obj
c:\users\taehoo\source\repos\notepad_project\notepad\notepad_20190521\notepad_20190521\x64\debug\glyph.obj
c:\users\taehoo\source\repos\notepad_project\notepad\notepad_20190521\notepad_20190521\x64\debug\fontcommand.obj
c:\users\taehoo\source\repos\notepad_project\notepad\notepad_20190521\notepad_20190521\x64\debug\font.obj
c:\users\taehoo\source\repos\notepad_project\notepad\notepad_20190521\notepad_20190521\x64\debug\file.obj
c:\users\taehoo\source\repos\notepad_project\notepad\notepad_20190521\notepad_20190521\x64\debug\dummyline.obj
c:\users\taehoo\source\repos\notepad_project\notepad\notepad_20190521\notepad_20190521\x64\debug\composite.obj
c:\users\taehoo\source\repos\notepad_project\notepad\notepad_20190521\notepad_20190521\x64\debug\completedworkfactory.obj
c:\users\taehoo\source\repos\notepad_project\notepad\notepad_20190521\notepad_20190521\x64\debug\commandfactory.obj
c:\users\taehoo\source\repos\notepad_project\notepad\notepad_20190521\notepad_20190521\x64\debug\commands.obj
c:\users\taehoo\source\repos\notepad_project\notepad\notepad_20190521\notepad_20190521\x64\debug\charactermetrics.obj
c:\users\taehoo\source\repos\notepad_project\notepad\notepad_20190521\notepad_20190521\x64\debug\character.obj
c:\users\taehoo\source\repos\notepad_project\notepad\notepad_20190521\notepad_20190521\x64\debug\caretcontroller.obj
c:\users\taehoo\source\repos\notepad_project\notepad\notepad_20190521\notepad_20190521\x64\debug\caret.obj
c:\users\taehoo\source\repos\notepad_project\notepad\notepad_20190521\notepad_20190521\x64\debug\worklog.obj
c:\users\taehoo\source\repos\notepad_project\notepad\notepad_20190521\notepad_20190521\x64\debug\worker.obj
c:\users\taehoo\source\repos\notepad_project\notepad\notepad_20190521\notepad_20190521\x64\debug\subject.obj
c:\users\taehoo\source\repos\notepad_project\notepad\notepad_20190521\notepad_20190521\x64\debug\scrollcontroller.obj
c:\users\taehoo\source\repos\notepad_project\notepad\notepad_20190521\notepad_20190521\x64\debug\scrollactions.obj
c:\users\taehoo\source\repos\notepad_project\notepad\notepad_20190521\notepad_20190521\x64\debug\scrollactionfactory.obj
c:\users\taehoo\source\repos\notepad_project\notepad\notepad_20190521\notepad_20190521\x64\debug\scroll.obj
c:\users\taehoo\source\repos\notepad_project\notepad\notepad_20190521\notepad_20190521\x64\debug\scanner.obj
c:\users\taehoo\source\repos\notepad_project\notepad\notepad_20190521\notepad_20190521\x64\debug\savecommand.obj
c:\users\taehoo\source\repos\notepad_project\notepad\notepad_20190521\notepad_20190521\x64\debug\saveascommand.obj
c:\users\taehoo\source\repos\notepad_project\notepad\notepad_20190521\notepad_20190521\x64\debug\opencommand.obj
c:\users\taehoo\source\repos\notepad_project\notepad\notepad_20190521\notepad_20190521\x64\debug\observer.obj
c:\users\taehoo\source\repos\notepad_project\notepad\notepad_20190521\notepad_20190521\x64\debug\notepadform.obj
c:\users\taehoo\source\repos\notepad_project\notepad\notepad_20190521\notepad_20190521\x64\debug\notepadapp.obj
c:\users\taehoo\source\repos\notepad_project\notepad\notepad_20190521\notepad_20190521\x64\debug\note.obj
c:\users\taehoo\source\repos\notepad_project\notepad\notepad_20190521\notepad_20190521\x64\debug\autolinebreaker.obj
c:\users\taehoo\source\repos\notepad_project\notepad\notepad_20190521\notepad_20190521\x64\debug\notestates.obj
c:\users\taehoo\source\repos\notepad_project\notepad\notepad_20190521\notepad_20190521\x64\debug\clipboard.obj
c:\users\taehoo\source\repos\notepad_project\notepad\notepad_20190521\notepad_20190521\x64\debug\finder.obj
c:\users\taehoo\source\repos\notepad_project\notepad\notepad_20190521\notepad_20190521\x64\debug\findingform.obj
c:\users\taehoo\source\repos\notepad_project\notepad\notepad_20190521\notepad_20190521\x64\debug\changingform.obj
c:\users\taehoo\source\repos\notepad_project\notepad\notepad_20190521\notepad_20190521\x64\debug\selectedareahandler.obj
c:\users\taehoo\source\repos\notepad_project\notepad\notepad_20190521\notepad_20190521\x64\debug\editorialmemory.obj
c:\users\taehoo\source\repos\notepad_project\notepad\notepad_20190521\x64\debug\notepad_20190521.exe
c:\users\taehoo\source\repos\notepad_project\notepad\notepad_20190521\x64\debug\notepad_20190521.ilk
c:\users\taehoo\source\repos\notepad_project\notepad\notepad_20190521\x64\debug\notepad_20190521.pdb
c:\users\taehoo\source\repos\notepad_project\notepad\notepad_20190521\notepad_20190521\x64\debug\notepad20190501.res
c:\users\taehoo\source\repos\notepad_project\notepad\notepad_20190521\notepad_20190521\x64\debug\autolinebreaker.obj.enc
c:\users\taehoo\source\repos\notepad_project\notepad\notepad_20190521\notepad_20190521\x64\debug\commands.obj.enc
c:\users\taehoo\source\repos\notepad_project\notepad\notepad_20190521\notepad_20190521\x64\debug\findingform.obj.enc
c:\users\taehoo\source\repos\notepad_project\notepad\notepad_20190521\notepad_20190521\x64\debug\keyactions.obj.enc
c:\users\taehoo\source\repos\notepad_project\notepad\notepad_20190521\notepad_20190521\x64\debug\notepadform.obj.enc
c:\users\taehoo\source\repos\notepad_project\notepad\notepad_20190521\notepad_20190521\x64\debug\notestates.obj.enc
c:\users\taehoo\source\repos\notepad_project\notepad\notepad_20190521\notepad_20190521\x64\debug\scrollcontroller.obj.enc
c:\users\taehoo\source\repos\notepad_project\notepad\notepad_20190521\notepad_20190521\x64\debug\notepad_20190521.tlog\cl.command.1.tlog
c:\users\taehoo\source\repos\notepad_project\notepad\notepad_20190521\notepad_20190521\x64\debug\notepad_20190521.tlog\cl.read.1.tlog
c:\users\taehoo\source\repos\notepad_project\notepad\notepad_20190521\notepad_20190521\x64\debug\notepad_20190521.tlog\cl.write.1.tlog
c:\users\taehoo\source\repos\notepad_project\notepad\notepad_20190521\notepad_20190521\x64\debug\notepad_20190521.tlog\link.command.1.tlog
c:\users\taehoo\source\repos\notepad_project\notepad\notepad_20190521\notepad_20190521\x64\debug\notepad_20190521.tlog\link.read.1.tlog
c:\users\taehoo\source\repos\notepad_project\notepad\notepad_20190521\notepad_20190521\x64\debug\notepad_20190521.tlog\link.write.1.tlog
c:\users\taehoo\source\repos\notepad_project\notepad\notepad_20190521\notepad_20190521\x64\debug\notepad_20190521.tlog\rc.command.1.tlog
c:\users\taehoo\source\repos\notepad_project\notepad\notepad_20190521\notepad_20190521\x64\debug\notepad_20190521.tlog\rc.read.1.tlog
c:\users\taehoo\source\repos\notepad_project\notepad\notepad_20190521\notepad_20190521\x64\debug\notepad_20190521.tlog\rc.write.1.tlog
